To honour the JVM settings for this build a single-use Daemon process will be forked. For more on this, please refer to https://docs.gradle.org/8.10/userguide/gradle_daemon.html#sec:disabling_the_daemon in the Gradle documentation.
Daemon will be stopped at the end of the build 

> Task :compileJava
/home/runner/work/CrossAuction/CrossAuction/src/main/java/dev/crossauction/service/AuctionService.java:54: error: cannot find symbol
            if (active >= cfg.maxListingsPerPlayer()) {
                             ^
  symbol:   method maxListingsPerPlayer()
  location: variable cfg of type ConfigManager
/home/runner/work/CrossAuction/CrossAuction/src/main/java/dev/crossauction/service/AuctionService.java:60: error: cannot find symbol
            listing.setItemData(ItemSerialization.serialize(item));
                                                 ^
  symbol:   method serialize(ItemStack)
  location: class ItemSerialization
/home/runner/work/CrossAuction/CrossAuction/src/main/java/dev/crossauction/service/AuctionService.java:62: error: cannot find symbol
            listing.setItemDisplay(ItemSerialization.displayName(item));
                                                    ^
  symbol:   method displayName(ItemStack)
  location: class ItemSerialization
/home/runner/work/CrossAuction/CrossAuction/src/main/java/dev/crossauction/service/AuctionService.java:71: error: cannot find symbol
        }).whenComplete((id, err) -> {
          ^
  symbol:   method whenComplete((id,err)->[...]; } })
  location: class Long
/home/runner/work/CrossAuction/CrossAuction/src/main/java/dev/crossauction/service/AuctionService.java:84: error: cannot find symbol
        return db.transaction(conn -> repo.findActivePage(conn, page, cfg.pageSize(), search))
                                                                         ^
  symbol:   method pageSize()
  location: variable cfg of type ConfigManager
/home/runner/work/CrossAuction/CrossAuction/src/main/java/dev/crossauction/service/AuctionService.java:85: error: cannot find symbol
                .thenApply(list -> {
                ^
  symbol:   method thenApply((list)->{ [...]st; })
  location: class Object
/home/runner/work/CrossAuction/CrossAuction/src/main/java/dev/crossauction/service/AuctionService.java:113: error: cannot find symbol
        }).thenAccept(listing -> {
          ^
  symbol:   method thenAccept((listing)-[...]r); })
  location: class AuctionListing
/home/runner/work/CrossAuction/CrossAuction/src/main/java/dev/crossauction/service/AuctionService.java:144: error: cannot find symbol
        }).thenAccept(listing -> {
          ^
  symbol:   method thenAccept((listing)-[...]r); })
  location: class AuctionListing
/home/runner/work/CrossAuction/CrossAuction/src/main/java/dev/crossauction/service/AuctionService.java:167: error: cannot find symbol
        }).thenAccept(listing -> {
          ^
  symbol:   method thenAccept((listing)-[...]l); })
  location: class AuctionListing
/home/runner/work/CrossAuction/CrossAuction/src/main/java/dev/crossauction/service/AuctionService.java:174: error: incompatible types: inference variable T has incompatible bounds
        return db.transaction(conn -> repo.countUnclaimed(conn, player));
                             ^
    upper bounds: CompletableFuture<Integer>,Object
    lower bounds: Integer
  where T is a type-variable:
    T extends Object declared in method <T>transaction(SqlFunction<Connection,T>)
/home/runner/work/CrossAuction/CrossAuction/src/main/java/dev/crossauction/service/AuctionService.java:192: error: cannot find symbol
                    items.add(ItemSerialization.deserialize(claim.getItemData()));
                                               ^
  symbol:   method deserialize(String)
  location: class ItemSerialization
/home/runner/work/CrossAuction/CrossAuction/src/main/java/dev/crossauction/service/AuctionService.java:185: error: incompatible types: inference variable T has incompatible bounds
        return db.transaction(conn -> {
                             ^
    upper bounds: CompletableFuture<List<ItemStack>>,Object
    lower bounds: List<ItemStack>
  where T is a type-variable:
    T extends Object declared in method <T>transaction(SqlFunction<Connection,T>)
/home/runner/work/CrossAuction/CrossAuction/src/main/java/dev/crossauction/service/AuctionService.java:201: error: incompatible types: inference variable T has incompatible bounds
        return db.transaction(conn -> repo.findByIdForUpdate(conn, listingId));
                             ^
    upper bounds: CompletableFuture<Optional<AuctionListing>>,Object
    lower bounds: Optional<AuctionListing>
  where T is a type-variable:
    T extends Object declared in method <T>transaction(SqlFunction<Connection,T>)
/home/runner/work/CrossAuction/CrossAuction/src/main/java/dev/crossauction/service/ExpirySweepService.java:52: error: cannot find symbol
            List<Long> expiredIds = db.transaction(conn -> repo.findExpiredIds(conn, 100)).join();
                                                                                          ^
  symbol:   method join()
  location: interface List<Long>
/home/runner/work/CrossAuction/CrossAuction/src/main/java/dev/crossauction/service/ExpirySweepService.java:79: error: cannot find symbol
            }).join();
              ^
  symbol:   method join()
  location: class AuctionListing
/home/runner/work/CrossAuction/CrossAuction/src/main/java/dev/crossauction/util/ChatInputManager.java:35: error: cannot find symbol
        plugin.messages().send(player, "chat-input-prompt", Map.of("prompt", prompt));
              ^
  symbol:   method messages()
  location: variable plugin of type CrossAuctionPlugin
/home/runner/work/CrossAuction/CrossAuction/src/main/java/dev/crossauction/CrossAuctionPlugin.java:60: error: constructor ChatInputManager in class ChatInputManager cannot be applied to given types;
        this.chatInputManager = new ChatInputManager();
                                ^
  required: CrossAuctionPlugin
  found:    no arguments
  reason: actual and formal argument lists differ in length
/home/runner/work/CrossAuction/CrossAuction/src/main/java/dev/crossauction/CrossAuctionPlugin.java:77: error: cannot find symbol
        this.economyProvider = configManager.economyProvider().equalsIgnoreCase("VAULT")
                                            ^
  symbol:   method economyProvider()
  location: variable configManager of type ConfigManager
/home/runner/work/CrossAuction/CrossAuction/src/main/java/dev/crossauction/listener/PlayerJoinListener.java:35: error: cannot find symbol
                player.sendMessage(Text.mm(messages.get("items-waiting").replace("{count}", String.valueOf(count))));
                                                   ^
  symbol:   method get(String)
  location: variable messages of type Messages
/home/runner/work/CrossAuction/CrossAuction/src/main/java/dev/crossauction/command/AuctionAdminCommand.java:26: error: cannot find symbol
            sender.sendMessage(Text.mm(messages.get("error.no-permission")));
                                               ^
  symbol:   method get(String)
  location: variable messages of type Messages
/home/runner/work/CrossAuction/CrossAuction/src/main/java/dev/crossauction/command/AuctionAdminCommand.java:33: error: cannot find symbol
                        .whenComplete((v, err) -> sender.sendMessage(Text.mm(
                                                                         ^
  symbol:   method mm(err != nul[...]ess"))
  location: class Text
/home/runner/work/CrossAuction/CrossAuction/src/main/java/dev/crossauction/command/AuctionAdminCommand.java:34: error: cannot find symbol
                                err != null ? messages.get("error.generic") : messages.get("admin.cancel-success"))));
                                                      ^
  symbol:   method get(String)
  location: variable messages of type Messages
/home/runner/work/CrossAuction/CrossAuction/src/main/java/dev/crossauction/command/AuctionAdminCommand.java:34: error: cannot find symbol
                                err != null ? messages.get("error.generic") : messages.get("admin.cancel-success"))));
                                                                                      ^
  symbol:   method get(String)
  location: variable messages of type Messages
/home/runner/work/CrossAuction/CrossAuction/src/main/java/dev/crossauction/command/AuctionAdminCommand.java:36: error: cannot find symbol
                sender.sendMessage(Text.mm(messages.get("error.invalid-number")));
                                                   ^
  symbol:   method get(String)
  location: variable messages of type Messages
/home/runner/work/CrossAuction/CrossAuction/src/main/java/dev/crossauction/command/AuctionAdminCommand.java:42: error: cannot find symbol
            sender.sendMessage(Text.mm(messages.get("admin.sweep-triggered")));
                                               ^
  symbol:   method get(String)
  location: variable messages of type Messages
/home/runner/work/CrossAuction/CrossAuction/src/main/java/dev/crossauction/command/AuctionAdminCommand.java:45: error: cannot find symbol
        sender.sendMessage(Text.mm(messages.get("usage.auctionadmin")));
                                           ^
  symbol:   method get(String)
  location: variable messages of type Messages
/home/runner/work/CrossAuction/CrossAuction/src/main/java/dev/crossauction/command/CollectCommand.java:35: error: cannot find symbol
            player.sendMessage(Text.mm(messages.get("error.no-permission")));
                                               ^
  symbol:   method get(String)
  location: variable messages of type Messages
/home/runner/work/CrossAuction/CrossAuction/src/main/java/dev/crossauction/command/CollectCommand.java:41: error: cannot find symbol
                        player.sendMessage(Text.mm(messages.get("error.generic")));
                                                           ^
  symbol:   method get(String)
  location: variable messages of type Messages
/home/runner/work/CrossAuction/CrossAuction/src/main/java/dev/crossauction/command/CollectCommand.java:51: error: cannot find symbol
            player.sendMessage(Text.mm(messages.get("nothing-to-collect")));
                                               ^
  symbol:   method get(String)
  location: variable messages of type Messages
/home/runner/work/CrossAuction/CrossAuction/src/main/java/dev/crossauction/command/CollectCommand.java:58: error: cannot find symbol
        player.sendMessage(Text.mm(messages.get("collect-success").replace("{count}", String.valueOf(items.size()))));
                                           ^
  symbol:   method get(String)
  location: variable messages of type Messages
/home/runner/work/CrossAuction/CrossAuction/src/main/java/dev/crossauction/command/AuctionCommand.java:43: error: cannot find symbol
            player.sendMessage(Text.mm(messages.get("error.no-permission")));
                                               ^
  symbol:   method get(String)
  location: variable messages of type Messages
/home/runner/work/CrossAuction/CrossAuction/src/main/java/dev/crossauction/command/AuctionCommand.java:58: error: cannot find symbol
        player.sendMessage(Text.mm(messages.get("usage.auction")));
                                           ^
  symbol:   method get(String)
  location: variable messages of type Messages
/home/runner/work/CrossAuction/CrossAuction/src/main/java/dev/crossauction/command/AuctionCommand.java:64: error: cannot find symbol
            player.sendMessage(Text.mm(messages.get("error.no-permission")));
                                               ^
  symbol:   method get(String)
  location: variable messages of type Messages
/home/runner/work/CrossAuction/CrossAuction/src/main/java/dev/crossauction/command/AuctionCommand.java:68: error: cannot find symbol
            player.sendMessage(Text.mm(messages.get("usage.sell")));
                                               ^
  symbol:   method get(String)
  location: variable messages of type Messages
/home/runner/work/CrossAuction/CrossAuction/src/main/java/dev/crossauction/command/AuctionCommand.java:73: error: cannot find symbol
            player.sendMessage(Text.mm(messages.get("error.no-item-in-hand")));
                                               ^
  symbol:   method get(String)
  location: variable messages of type Messages
/home/runner/work/CrossAuction/CrossAuction/src/main/java/dev/crossauction/command/AuctionCommand.java:82: error: cannot find symbol
            player.sendMessage(Text.mm(messages.get("usage.sell")));
                                               ^
  symbol:   method get(String)
  location: variable messages of type Messages
/home/runner/work/CrossAuction/CrossAuction/src/main/java/dev/crossauction/command/AuctionCommand.java:89: error: cannot find symbol
            player.sendMessage(Text.mm(messages.get("error.invalid-number")));
                                               ^
  symbol:   method get(String)
  location: variable messages of type Messages
/home/runner/work/CrossAuction/CrossAuction/src/main/java/dev/crossauction/command/AuctionCommand.java:93: error: cannot find symbol
            player.sendMessage(Text.mm(messages.get("error.invalid-number")));
                                               ^
  symbol:   method get(String)
  location: variable messages of type Messages
/home/runner/work/CrossAuction/CrossAuction/src/main/java/dev/crossauction/command/AuctionCommand.java:96: error: cannot find symbol
        BigDecimal minIncrement = cfg.defaultMinBidIncrement();
                                     ^
  symbol:   method defaultMinBidIncrement()
  location: variable cfg of type ConfigManager
/home/runner/work/CrossAuction/CrossAuction/src/main/java/dev/crossauction/command/AuctionCommand.java:105: error: cannot find symbol
        service.createListing(player.getUniqueId(), player.getName(), toSell, type, price, minIncrement, cfg.defaultDurationSeconds())
                                                                                                            ^
  symbol:   method defaultDurationSeconds()
  location: variable cfg of type ConfigManager
/home/runner/work/CrossAuction/CrossAuction/src/main/java/dev/crossauction/command/AuctionCommand.java:111: error: cannot find symbol
                        player.sendMessage(Text.mm(messages.get(key)));
                                                           ^
  symbol:   method get(String)
  location: variable messages of type Messages
/home/runner/work/CrossAuction/CrossAuction/src/main/java/dev/crossauction/command/AuctionCommand.java:117: error: cannot find symbol
                    player.sendMessage(Text.mm(messages.get("listing-created")));
                                                       ^
  symbol:   method get(String)
  location: variable messages of type Messages
/home/runner/work/CrossAuction/CrossAuction/src/main/java/dev/crossauction/gui/AuctionMenu.java:45: error: cannot find symbol
                    player.sendMessage(Text.mm(messages.get("error.generic")));
                                                       ^
  symbol:   method get(String)
  location: variable messages of type Messages
/home/runner/work/CrossAuction/CrossAuction/src/main/java/dev/crossauction/gui/AuctionMenu.java:56: error: cannot find symbol
        Inventory inv = Bukkit.createInventory(holder, ROWS * 9, Text.mm(messages.get("gui.title")));
                                                                                 ^
  symbol:   method get(String)
  location: variable messages of type Messages
/home/runner/work/CrossAuction/CrossAuction/src/main/java/dev/crossauction/gui/AuctionMenu.java:64: error: cannot find symbol
            ItemStack display = ItemSerialization.deserialize(listing.getItemData()).clone();
                                                 ^
  symbol:   method deserialize(String)
  location: class ItemSerialization
/home/runner/work/CrossAuction/CrossAuction/src/main/java/dev/crossauction/gui/AuctionMenu.java:69: error: cannot find symbol
                lore.add(messages.get("gui.lore.seller").replace("{seller}", listing.getSellerName()));
                                 ^
  symbol:   method get(String)
  location: variable messages of type Messages
/home/runner/work/CrossAuction/CrossAuction/src/main/java/dev/crossauction/gui/AuctionMenu.java:71: error: cannot find symbol
                    lore.add(messages.get("gui.lore.current-bid").replace("{price}", listing.getCurrentBid().toPlainString()));
                                     ^
  symbol:   method get(String)
  location: variable messages of type Messages
/home/runner/work/CrossAuction/CrossAuction/src/main/java/dev/crossauction/gui/AuctionMenu.java:72: error: cannot find symbol
                    lore.add(messages.get("gui.lore.min-next-bid").replace("{price}",
                                     ^
  symbol:   method get(String)
  location: variable messages of type Messages
/home/runner/work/CrossAuction/CrossAuction/src/main/java/dev/crossauction/gui/AuctionMenu.java:75: error: cannot find symbol
                    lore.add(messages.get("gui.lore.price").replace("{price}", listing.getPrice().toPlainString()));
                                     ^
  symbol:   method get(String)
  location: variable messages of type Messages
/home/runner/work/CrossAuction/CrossAuction/src/main/java/dev/crossauction/gui/AuctionMenu.java:77: error: invalid method reference
                meta.lore(lore.stream().map(Text::mm).toList());
                                            ^
  cannot find symbol
    symbol:   method mm()
    location: class Text
/home/runner/work/CrossAuction/CrossAuction/src/main/java/dev/crossauction/gui/AuctionMenu.java:89: error: cannot find symbol
            inv.setItem(ROWS * 9 - 9, navItem(Material.ARROW, messages.get("gui.previous-page")));
                                                                      ^
  symbol:   method get(String)
  location: variable messages of type Messages
/home/runner/work/CrossAuction/CrossAuction/src/main/java/dev/crossauction/gui/AuctionMenu.java:92: error: cannot find symbol
            inv.setItem(ROWS * 9 - 1, navItem(Material.ARROW, messages.get("gui.next-page")));
                                                                      ^
  symbol:   method get(String)
  location: variable messages of type Messages
/home/runner/work/CrossAuction/CrossAuction/src/main/java/dev/crossauction/gui/AuctionMenu.java:94: error: cannot find symbol
        inv.setItem(ROWS * 9 - 5, navItem(Material.HOPPER, messages.get("gui.close")));
                                                                   ^
  symbol:   method get(String)
  location: variable messages of type Messages
/home/runner/work/CrossAuction/CrossAuction/src/main/java/dev/crossauction/gui/AuctionMenu.java:103: error: cannot find symbol
            meta.displayName(Text.mm(name));
                                 ^
  symbol:   method mm(String)
  location: class Text
/home/runner/work/CrossAuction/CrossAuction/src/main/java/dev/crossauction/gui/GuiListener.java:61: error: cannot find symbol
            player.sendMessage(Text.mm(messages.get("chat-input-prompt").replace("{amount}", ref.minNextBid().toPlainString())));
                                               ^
  symbol:   method get(String)
  location: variable messages of type Messages
/home/runner/work/CrossAuction/CrossAuction/src/main/java/dev/crossauction/gui/GuiListener.java:62: error: cannot find symbol
            chatInputManager.awaitInput(player, input -> handleBidInput(player, ref.id(), input));
                            ^
  symbol:   method awaitInput(Player,(input)->h[...]nput))
  location: variable chatInputManager of type ChatInputManager
/home/runner/work/CrossAuction/CrossAuction/src/main/java/dev/crossauction/gui/GuiListener.java:69: error: cannot find symbol
                        player.sendMessage(Text.mm(messages.get(resolveErrorKey(err))));
                                                           ^
  symbol:   method get(String)
  location: variable messages of type Messages
/home/runner/work/CrossAuction/CrossAuction/src/main/java/dev/crossauction/gui/GuiListener.java:71: error: cannot find symbol
                        player.sendMessage(Text.mm(messages.get("purchase-success")));
                                                           ^
  symbol:   method get(String)
  location: variable messages of type Messages
/home/runner/work/CrossAuction/CrossAuction/src/main/java/dev/crossauction/gui/GuiListener.java:82: error: cannot find symbol
            player.sendMessage(Text.mm(messages.get("error.invalid-number")));
                                               ^
  symbol:   method get(String)
  location: variable messages of type Messages
/home/runner/work/CrossAuction/CrossAuction/src/main/java/dev/crossauction/gui/GuiListener.java:86: error: cannot find symbol
            player.sendMessage(Text.mm(messages.get("error.invalid-number")));
                                               ^
  symbol:   method get(String)
  location: variable messages of type Messages
/home/runner/work/CrossAuction/CrossAuction/src/main/java/dev/crossauction/gui/GuiListener.java:92: error: cannot find symbol
                        player.sendMessage(Text.mm(messages.get(resolveErrorKey(err))));
                                                           ^
  symbol:   method get(String)
  location: variable messages of type Messages
/home/runner/work/CrossAuction/CrossAuction/src/main/java/dev/crossauction/gui/GuiListener.java:94: error: cannot find symbol
                        player.sendMessage(Text.mm(messages.get("bid-success")));
                                                           ^
  symbol:   method get(String)
  location: variable messages of type Messages
62 errors

> Task :compileJava FAILED
gradle/actions: Writing build results to /home/runner/work/_temp/.gradle-actions/build-results/__run-1783056202814.json

FAILURE: Build failed with an exception.

* What went wrong:
Execution failed for task ':compileJava'.
> Compilation failed; see the compiler error output for details.

* Try:
> Run with --info option to get more log output.
> Run with --scan to get full insights.

* Exception is:
org.gradle.api.tasks.TaskExecutionException: Execution failed for task ':compileJava'.
	at org.gradle.api.internal.tasks.execution.ExecuteActionsTaskExecuter.lambda$executeIfValid$1(ExecuteActionsTaskExecuter.java:130)
	at org.gradle.internal.Try$Failure.ifSuccessfulOrElse(Try.java:293)
	at org.gradle.api.internal.tasks.execution.ExecuteActionsTaskExecuter.executeIfValid(ExecuteActionsTaskExecuter.java:128)
	at org.gradle.api.internal.tasks.execution.ExecuteActionsTaskExecuter.execute(ExecuteActionsTaskExecuter.java:116)
	at org.gradle.api.internal.tasks.execution.FinalizePropertiesTaskExecuter.execute(FinalizePropertiesTaskExecuter.java:46)
	at org.gradle.api.internal.tasks.execution.ResolveTaskExecutionModeExecuter.execute(ResolveTaskExecutionModeExecuter.java:51)
	at org.gradle.api.internal.tasks.execution.SkipTaskWithNoActionsExecuter.execute(SkipTaskWithNoActionsExecuter.java:57)
	at org.gradle.api.internal.tasks.execution.SkipOnlyIfTaskExecuter.execute(SkipOnlyIfTaskExecuter.java:74)
	at org.gradle.api.internal.tasks.execution.CatchExceptionTaskExecuter.execute(CatchExceptionTaskExecuter.java:36)
	at org.gradle.api.internal.tasks.execution.EventFiringTaskExecuter$1.executeTask(EventFiringTaskExecuter.java:77)
	at org.gradle.api.internal.tasks.execution.EventFiringTaskExecuter$1.call(EventFiringTaskExecuter.java:55)
	at org.gradle.api.internal.tasks.execution.EventFiringTaskExecuter$1.call(EventFiringTaskExecuter.java:52)
	at org.gradle.internal.operations.DefaultBuildOperationRunner$CallableBuildOperationWorker.execute(DefaultBuildOperationRunner.java:209)
	at org.gradle.internal.operations.DefaultBuildOperationRunner$CallableBuildOperationWorker.execute(DefaultBuildOperationRunner.java:204)
	at org.gradle.internal.operations.DefaultBuildOperationRunner$2.execute(DefaultBuildOperationRunner.java:66)
	at org.gradle.internal.operations.DefaultBuildOperationRunner$2.execute(DefaultBuildOperationRunner.java:59)
	at org.gradle.internal.operations.DefaultBuildOperationRunner.execute(DefaultBuildOperationRunner.java:166)
	at org.gradle.internal.operations.DefaultBuildOperationRunner.execute(DefaultBuildOperationRunner.java:59)
	at org.gradle.internal.operations.DefaultBuildOperationRunner.call(DefaultBuildOperationRunner.java:53)
	at org.gradle.api.internal.tasks.execution.EventFiringTaskExecuter.execute(EventFiringTaskExecuter.java:52)
	at org.gradle.execution.plan.LocalTaskNodeExecutor.execute(LocalTaskNodeExecutor.java:42)
	at org.gradle.execution.taskgraph.DefaultTaskExecutionGraph$InvokeNodeExecutorsAction.execute(DefaultTaskExecutionGraph.java:331)
	at org.gradle.execution.taskgraph.DefaultTaskExecutionGraph$InvokeNodeExecutorsAction.execute(DefaultTaskExecutionGraph.java:318)
	at org.gradle.execution.taskgraph.DefaultTaskExecutionGraph$BuildOperationAwareExecutionAction.lambda$execute$0(DefaultTaskExecutionGraph.java:314)
	at org.gradle.internal.operations.CurrentBuildOperationRef.with(CurrentBuildOperationRef.java:85)
	at org.gradle.execution.taskgraph.DefaultTaskExecutionGraph$BuildOperationAwareExecutionAction.execute(DefaultTaskExecutionGraph.java:314)
	at org.gradle.execution.taskgraph.DefaultTaskExecutionGraph$BuildOperationAwareExecutionAction.execute(DefaultTaskExecutionGraph.java:303)
	at org.gradle.execution.plan.DefaultPlanExecutor$ExecutorWorker.execute(DefaultPlanExecutor.java:459)
	at org.gradle.execution.plan.DefaultPlanExecutor$ExecutorWorker.run(DefaultPlanExecutor.java:376)
	at org.gradle.internal.concurrent.ExecutorPolicy$CatchAndRecordFailures.onExecute(ExecutorPolicy.java:64)
	at org.gradle.internal.concurrent.AbstractManagedExecutor$1.run(AbstractManagedExecutor.java:48)
Caused by: org.gradle.api.internal.tasks.compile.CompilationFailedException: Compilation failed; see the compiler error output for details.
	at org.gradle.api.internal.tasks.compile.JdkJavaCompiler.execute(JdkJavaCompiler.java:79)
	at org.gradle.api.internal.tasks.compile.JdkJavaCompiler.execute(JdkJavaCompiler.java:46)
	at org.gradle.api.internal.tasks.compile.NormalizingJavaCompiler.delegateAndHandleErrors(NormalizingJavaCompiler.java:98)
	at org.gradle.api.internal.tasks.compile.NormalizingJavaCompiler.execute(NormalizingJavaCompiler.java:52)
	at org.gradle.api.internal.tasks.compile.NormalizingJavaCompiler.execute(NormalizingJavaCompiler.java:38)
	at org.gradle.api.internal.tasks.compile.AnnotationProcessorDiscoveringCompiler.execute(AnnotationProcessorDiscoveringCompiler.java:52)
	at org.gradle.api.internal.tasks.compile.AnnotationProcessorDiscoveringCompiler.execute(AnnotationProcessorDiscoveringCompiler.java:38)
	at org.gradle.api.internal.tasks.compile.ModuleApplicationNameWritingCompiler.execute(ModuleApplicationNameWritingCompiler.java:46)
	at org.gradle.api.internal.tasks.compile.ModuleApplicationNameWritingCompiler.execute(ModuleApplicationNameWritingCompiler.java:36)
	at org.gradle.jvm.toolchain.internal.DefaultToolchainJavaCompiler.execute(DefaultToolchainJavaCompiler.java:57)
	at org.gradle.api.tasks.compile.JavaCompile.lambda$createToolchainCompiler$3(JavaCompile.java:204)
	at org.gradle.api.internal.tasks.compile.CleaningJavaCompiler.execute(CleaningJavaCompiler.java:53)
	at org.gradle.api.internal.tasks.compile.incremental.IncrementalCompilerFactory.lambda$createRebuildAllCompiler$0(IncrementalCompilerFactory.java:52)
	at org.gradle.api.internal.tasks.compile.incremental.SelectiveCompiler.execute(SelectiveCompiler.java:70)
	at org.gradle.api.internal.tasks.compile.incremental.SelectiveCompiler.execute(SelectiveCompiler.java:44)
	at org.gradle.api.internal.tasks.compile.incremental.IncrementalResultStoringCompiler.execute(IncrementalResultStoringCompiler.java:66)
	at org.gradle.api.internal.tasks.compile.incremental.IncrementalResultStoringCompiler.execute(IncrementalResultStoringCompiler.java:52)
	at org.gradle.api.internal.tasks.compile.CompileJavaBuildOperationReportingCompiler$1.call(CompileJavaBuildOperationReportingCompiler.java:64)
	at org.gradle.api.internal.tasks.compile.CompileJavaBuildOperationReportingCompiler$1.call(CompileJavaBuildOperationReportingCompiler.java:48)
	at org.gradle.internal.operations.DefaultBuildOperationRunner$CallableBuildOperationWorker.execute(DefaultBuildOperationRunner.java:209)
	at org.gradle.internal.operations.DefaultBuildOperationRunner$CallableBuildOperationWorker.execute(DefaultBuildOperationRunner.java:204)
	at org.gradle.internal.operations.DefaultBuildOperationRunner$2.execute(DefaultBuildOperationRunner.java:66)
	at org.gradle.internal.operations.DefaultBuildOperationRunner$2.execute(DefaultBuildOperationRunner.java:59)
	at org.gradle.internal.operations.DefaultBuildOperationRunner.execute(DefaultBuildOperationRunner.java:166)
	at org.gradle.internal.operations.DefaultBuildOperationRunner.execute(DefaultBuildOperationRunner.java:59)
	at org.gradle.internal.operations.DefaultBuildOperationRunner.call(DefaultBuildOperationRunner.java:53)
	at org.gradle.api.internal.tasks.compile.CompileJavaBuildOperationReportingCompiler.execute(CompileJavaBuildOperationReportingCompiler.java:48)
	at org.gradle.api.tasks.compile.JavaCompile.performCompilation(JavaCompile.java:222)
	at org.gradle.api.tasks.compile.JavaCompile.performIncrementalCompilation(JavaCompile.java:163)
	at org.gradle.api.tasks.compile.JavaCompile.compile(JavaCompile.java:148)
	at java.base/jdk.internal.reflect.DirectMethodHandleAccessor.invoke(DirectMethodHandleAccessor.java:103)
	at org.gradle.internal.reflect.JavaMethod.invoke(JavaMethod.java:125)
	at org.gradle.api.internal.project.taskfactory.IncrementalTaskAction.doExecute(IncrementalTaskAction.java:45)
	at org.gradle.api.internal.project.taskfactory.StandardTaskAction.execute(StandardTaskAction.java:51)
	at org.gradle.api.internal.project.taskfactory.IncrementalTaskAction.execute(IncrementalTaskAction.java:26)
	at org.gradle.api.internal.project.taskfactory.StandardTaskAction.execute(StandardTaskAction.java:29)
	at org.gradle.api.internal.tasks.execution.TaskExecution$3.run(TaskExecution.java:244)
	at org.gradle.internal.operations.DefaultBuildOperationRunner$1.execute(DefaultBuildOperationRunner.java:29)
	at org.gradle.internal.operations.DefaultBuildOperationRunner$1.execute(DefaultBuildOperationRunner.java:26)
	at org.gradle.internal.operations.DefaultBuildOperationRunner$2.execute(DefaultBuildOperationRunner.java:66)
	at org.gradle.internal.operations.DefaultBuildOperationRunner$2.execute(DefaultBuildOperationRunner.java:59)
	at org.gradle.internal.operations.DefaultBuildOperationRunner.execute(DefaultBuildOperationRunner.java:166)
	at org.gradle.internal.operations.DefaultBuildOperationRunner.execute(DefaultBuildOperationRunner.java:59)
	at org.gradle.internal.operations.DefaultBuildOperationRunner.run(DefaultBuildOperationRunner.java:47)
	at org.gradle.api.internal.tasks.execution.TaskExecution.executeAction(TaskExecution.java:229)
	at org.gradle.api.internal.tasks.execution.TaskExecution.executeActions(TaskExecution.java:212)
	at org.gradle.api.internal.tasks.execution.TaskExecution.executeWithPreviousOutputFiles(TaskExecution.java:195)
	at org.gradle.api.internal.tasks.execution.TaskExecution.execute(TaskExecution.java:162)
	at org.gradle.internal.execution.steps.ExecuteStep.executeInternal(ExecuteStep.java:105)
	at org.gradle.internal.execution.steps.ExecuteStep.access$000(ExecuteStep.java:44)
	at org.gradle.internal.execution.steps.ExecuteStep$1.call(ExecuteStep.java:59)
	at org.gradle.internal.execution.steps.ExecuteStep$1.call(ExecuteStep.java:56)
	at org.gradle.internal.operations.DefaultBuildOperationRunner$CallableBuildOperationWorker.execute(DefaultBuildOperationRunner.java:209)
	at org.gradle.internal.operations.DefaultBuildOperationRunner$CallableBuildOperationWorker.execute(DefaultBuildOperationRunner.java:204)
	at org.gradle.internal.operations.DefaultBuildOperationRunner$2.execute(DefaultBuildOperationRunner.java:66)
	at org.gradle.internal.operations.DefaultBuildOperationRunner$2.execute(DefaultBuildOperationRunner.java:59)
	at org.gradle.internal.operations.DefaultBuildOperationRunner.execute(DefaultBuildOperationRunner.java:166)
	at org.gradle.internal.operations.DefaultBuildOperationRunner.execute(DefaultBuildOperationRunner.java:59)
	at org.gradle.internal.operations.DefaultBuildOperationRunner.call(DefaultBuildOperationRunner.java:53)
	at org.gradle.internal.execution.steps.ExecuteStep.execute(ExecuteStep.java:56)
	at org.gradle.internal.execution.steps.ExecuteStep.execute(ExecuteStep.java:44)
	at org.gradle.internal.execution.steps.CancelExecutionStep.execute(CancelExecutionStep.java:42)
	at org.gradle.internal.execution.steps.TimeoutStep.executeWithoutTimeout(TimeoutStep.java:75)
	at org.gradle.internal.execution.steps.TimeoutStep.execute(TimeoutStep.java:55)
	at org.gradle.internal.execution.steps.PreCreateOutputParentsStep.execute(PreCreateOutputParentsStep.java:50)
	at org.gradle.internal.execution.steps.PreCreateOutputParentsStep.execute(PreCreateOutputParentsStep.java:28)
	at org.gradle.internal.execution.steps.RemovePreviousOutputsStep.execute(RemovePreviousOutputsStep.java:67)
	at org.gradle.internal.execution.steps.RemovePreviousOutputsStep.execute(RemovePreviousOutputsStep.java:37)
	at org.gradle.internal.execution.steps.BroadcastChangingOutputsStep.execute(BroadcastChangingOutputsStep.java:61)
	at org.gradle.internal.execution.steps.BroadcastChangingOutputsStep.execute(BroadcastChangingOutputsStep.java:26)
	at org.gradle.internal.execution.steps.CaptureOutputsAfterExecutionStep.execute(CaptureOutputsAfterExecutionStep.java:69)
	at org.gradle.internal.execution.steps.CaptureOutputsAfterExecutionStep.execute(CaptureOutputsAfterExecutionStep.java:46)
	at org.gradle.internal.execution.steps.ResolveInputChangesStep.execute(ResolveInputChangesStep.java:40)
	at org.gradle.internal.execution.steps.ResolveInputChangesStep.execute(ResolveInputChangesStep.java:29)
	at org.gradle.internal.execution.steps.BuildCacheStep.executeWithoutCache(BuildCacheStep.java:189)
	at org.gradle.internal.execution.steps.BuildCacheStep.executeAndStoreInCache(BuildCacheStep.java:145)
	at org.gradle.internal.execution.steps.BuildCacheStep.lambda$executeWithCache$4(BuildCacheStep.java:101)
	at org.gradle.internal.execution.steps.BuildCacheStep.lambda$executeWithCache$5(BuildCacheStep.java:101)
	at org.gradle.internal.Try$Success.map(Try.java:175)
	at org.gradle.internal.execution.steps.BuildCacheStep.executeWithCache(BuildCacheStep.java:85)
	at org.gradle.internal.execution.steps.BuildCacheStep.lambda$execute$0(BuildCacheStep.java:74)
	at org.gradle.internal.Either$Left.fold(Either.java:115)
	at org.gradle.internal.execution.caching.CachingState.fold(CachingState.java:62)
	at org.gradle.internal.execution.steps.BuildCacheStep.execute(BuildCacheStep.java:73)
	at org.gradle.internal.execution.steps.BuildCacheStep.execute(BuildCacheStep.java:48)
	at org.gradle.internal.execution.steps.StoreExecutionStateStep.execute(StoreExecutionStateStep.java:46)
	at org.gradle.internal.execution.steps.StoreExecutionStateStep.execute(StoreExecutionStateStep.java:35)
	at org.gradle.internal.execution.steps.SkipUpToDateStep.executeBecause(SkipUpToDateStep.java:75)
	at org.gradle.internal.execution.steps.SkipUpToDateStep.lambda$execute$2(SkipUpToDateStep.java:53)
	at org.gradle.internal.execution.steps.SkipUpToDateStep.execute(SkipUpToDateStep.java:53)
	at org.gradle.internal.execution.steps.SkipUpToDateStep.execute(SkipUpToDateStep.java:35)
	at org.gradle.internal.execution.steps.legacy.MarkSnapshottingInputsFinishedStep.execute(MarkSnapshottingInputsFinishedStep.java:37)
	at org.gradle.internal.execution.steps.legacy.MarkSnapshottingInputsFinishedStep.execute(MarkSnapshottingInputsFinishedStep.java:27)
	at org.gradle.internal.execution.steps.ResolveIncrementalCachingStateStep.executeDelegate(ResolveIncrementalCachingStateStep.java:49)
	at org.gradle.internal.execution.steps.ResolveIncrementalCachingStateStep.executeDelegate(ResolveIncrementalCachingStateStep.java:27)
	at org.gradle.internal.execution.steps.AbstractResolveCachingStateStep.execute(AbstractResolveCachingStateStep.java:71)
	at org.gradle.internal.execution.steps.AbstractResolveCachingStateStep.execute(AbstractResolveCachingStateStep.java:39)
	at org.gradle.internal.execution.steps.ResolveChangesStep.execute(ResolveChangesStep.java:65)
	at org.gradle.internal.execution.steps.ResolveChangesStep.execute(ResolveChangesStep.java:36)
	at org.gradle.internal.execution.steps.ValidateStep.execute(ValidateStep.java:107)
	at org.gradle.internal.execution.steps.ValidateStep.execute(ValidateStep.java:56)
	at org.gradle.internal.execution.steps.AbstractCaptureStateBeforeExecutionStep.execute(AbstractCaptureStateBeforeExecutionStep.java:64)
	at org.gradle.internal.execution.steps.AbstractCaptureStateBeforeExecutionStep.execute(AbstractCaptureStateBeforeExecutionStep.java:43)
	at org.gradle.internal.execution.steps.AbstractSkipEmptyWorkStep.executeWithNonEmptySources(AbstractSkipEmptyWorkStep.java:125)
	at org.gradle.internal.execution.steps.AbstractSkipEmptyWorkStep.execute(AbstractSkipEmptyWorkStep.java:61)
	at org.gradle.internal.execution.steps.AbstractSkipEmptyWorkStep.execute(AbstractSkipEmptyWorkStep.java:36)
	at org.gradle.internal.execution.steps.legacy.MarkSnapshottingInputsStartedStep.execute(MarkSnapshottingInputsStartedStep.java:38)
	at org.gradle.internal.execution.steps.LoadPreviousExecutionStateStep.execute(LoadPreviousExecutionStateStep.java:36)
	at org.gradle.internal.execution.steps.LoadPreviousExecutionStateStep.execute(LoadPreviousExecutionStateStep.java:23)
	at org.gradle.internal.execution.steps.HandleStaleOutputsStep.execute(HandleStaleOutputsStep.java:75)
	at org.gradle.internal.execution.steps.HandleStaleOutputsStep.execute(HandleStaleOutputsStep.java:41)
	at org.gradle.internal.execution.steps.AssignMutableWorkspaceStep.lambda$execute$0(AssignMutableWorkspaceStep.java:35)
	at org.gradle.api.internal.tasks.execution.TaskExecution$4.withWorkspace(TaskExecution.java:289)
	at org.gradle.internal.execution.steps.AssignMutableWorkspaceStep.execute(AssignMutableWorkspaceStep.java:31)
	at org.gradle.internal.execution.steps.AssignMutableWorkspaceStep.execute(AssignMutableWorkspaceStep.java:22)
	at org.gradle.internal.execution.steps.ChoosePipelineStep.execute(ChoosePipelineStep.java:40)
	at org.gradle.internal.execution.steps.ChoosePipelineStep.execute(ChoosePipelineStep.java:23)
	at org.gradle.internal.execution.steps.ExecuteWorkBuildOperationFiringStep.lambda$execute$2(ExecuteWorkBuildOperationFiringStep.java:67)
	at org.gradle.internal.execution.steps.ExecuteWorkBuildOperationFiringStep.execute(ExecuteWorkBuildOperationFiringStep.java:67)
	at org.gradle.internal.execution.steps.ExecuteWorkBuildOperationFiringStep.execute(ExecuteWorkBuildOperationFiringStep.java:39)
	at org.gradle.internal.execution.steps.IdentityCacheStep.execute(IdentityCacheStep.java:46)
	at org.gradle.internal.execution.steps.IdentityCacheStep.execute(IdentityCacheStep.java:34)
	at org.gradle.internal.execution.steps.IdentifyStep.execute(IdentifyStep.java:48)
	at org.gradle.internal.execution.steps.IdentifyStep.execute(IdentifyStep.java:35)
	at org.gradle.internal.execution.impl.DefaultExecutionEngine$1.execute(DefaultExecutionEngine.java:61)
	at org.gradle.api.internal.tasks.execution.ExecuteActionsTaskExecuter.executeIfValid(ExecuteActionsTaskExecuter.java:127)
	at org.gradle.api.internal.tasks.execution.ExecuteActionsTaskExecuter.execute(ExecuteActionsTaskExecuter.java:116)
	at org.gradle.api.internal.tasks.execution.FinalizePropertiesTaskExecuter.execute(FinalizePropertiesTaskExecuter.java:46)
	at org.gradle.api.internal.tasks.execution.ResolveTaskExecutionModeExecuter.execute(ResolveTaskExecutionModeExecuter.java:51)
	at org.gradle.api.internal.tasks.execution.SkipTaskWithNoActionsExecuter.execute(SkipTaskWithNoActionsExecuter.java:57)
	at org.gradle.api.internal.tasks.execution.SkipOnlyIfTaskExecuter.execute(SkipOnlyIfTaskExecuter.java:74)
	at org.gradle.api.internal.tasks.execution.CatchExceptionTaskExecuter.execute(CatchExceptionTaskExecuter.java:36)
	at org.gradle.api.internal.tasks.execution.EventFiringTaskExecuter$1.executeTask(EventFiringTaskExecuter.java:77)
	at org.gradle.api.internal.tasks.execution.EventFiringTaskExecuter$1.call(EventFiringTaskExecuter.java:55)
	at org.gradle.api.internal.tasks.execution.EventFiringTaskExecuter$1.call(EventFiringTaskExecuter.java:52)
	at org.gradle.internal.operations.DefaultBuildOperationRunner$CallableBuildOperationWorker.execute(DefaultBuildOperationRunner.java:209)
	at org.gradle.internal.operations.DefaultBuildOperationRunner$CallableBuildOperationWorker.execute(DefaultBuildOperationRunner.java:204)
	at org.gradle.internal.operations.DefaultBuildOperationRunner$2.execute(DefaultBuildOperationRunner.java:66)
	at org.gradle.internal.operations.DefaultBuildOperationRunner$2.execute(DefaultBuildOperationRunner.java:59)
	at org.gradle.internal.operations.DefaultBuildOperationRunner.execute(DefaultBuildOperationRunner.java:166)
	at org.gradle.internal.operations.DefaultBuildOperationRunner.execute(DefaultBuildOperationRunner.java:59)
	at org.gradle.internal.operations.DefaultBuildOperationRunner.call(DefaultBuildOperationRunner.java:53)
	at org.gradle.api.internal.tasks.execution.EventFiringTaskExecuter.execute(EventFiringTaskExecuter.java:52)
	at org.gradle.execution.plan.LocalTaskNodeExecutor.execute(LocalTaskNodeExecutor.java:42)
	at org.gradle.execution.taskgraph.DefaultTaskExecutionGraph$InvokeNodeExecutorsAction.execute(DefaultTaskExecutionGraph.java:331)
	at org.gradle.execution.taskgraph.DefaultTaskExecutionGraph$InvokeNodeExecutorsAction.execute(DefaultTaskExecutionGraph.java:318)
	at org.gradle.execution.taskgraph.DefaultTaskExecutionGraph$BuildOperationAwareExecutionAction.lambda$execute$0(DefaultTaskExecutionGraph.java:314)
	at org.gradle.internal.operations.CurrentBuildOperationRef.with(CurrentBuildOperationRef.java:85)
	at org.gradle.execution.taskgraph.DefaultTaskExecutionGraph$BuildOperationAwareExecutionAction.execute(DefaultTaskExecutionGraph.java:314)
	at org.gradle.execution.taskgraph.DefaultTaskExecutionGraph$BuildOperationAwareExecutionAction.execute(DefaultTaskExecutionGraph.java:303)
	at org.gradle.execution.plan.DefaultPlanExecutor$ExecutorWorker.execute(DefaultPlanExecutor.java:459)
	at org.gradle.execution.plan.DefaultPlanExecutor$ExecutorWorker.run(DefaultPlanExecutor.java:376)
	at org.gradle.internal.concurrent.ExecutorPolicy$CatchAndRecordFailures.onExecute(ExecutorPolicy.java:64)
	at org.gradle.internal.concurrent.AbstractManagedExecutor$1.run(AbstractManagedExecutor.java:48)


BUILD FAILED in 27s
1 actionable task: 1 executed
